[14:56:06] [ServerMain/INFO]: [bootstrap] Running Java 21 (OpenJDK 64-Bit Server VM 21.0.8+9-LTS; Eclipse Adoptium Temurin-21.0.8+9) on Linux 6.6.87.2-microsoft-standard-WSL2 (amd64)
[14:56:06] [ServerMain/INFO]: [bootstrap] Loading Paper 1.21-130-master@b1b5d4c (2024-08-10T10:02:42Z) for Minecraft 1.21
[14:56:07] [ServerMain/INFO]: [PluginInitializerManager] Initializing plugins...
[14:56:07] [ServerMain/INFO]: [PluginInitializerManager] Initialized 0 plugins
[14:56:08] [Paper Plugin Remapper Thread - 0/INFO]: [ReobfServer] Remapping server...
[14:56:14] [ServerMain/INFO]: Environment: Environment[sessionHost=https://sessionserver.mojang.com, servicesHost=https://api.minecraftservices.com, name=PROD]
[14:56:15] [ServerMain/INFO]: Found new data pack file/bukkit, loading it automatically
[14:56:15] [ServerMain/INFO]: Found new data pack paper, loading it automatically
[14:56:18] [ServerMain/INFO]: No existing world data, creating new world
[14:56:24] [ServerMain/INFO]: Loaded 1290 recipes
[14:56:24] [ServerMain/INFO]: Loaded 1399 advancements
[14:56:25] [Server thread/INFO]: Starting minecraft server version 1.21
[14:56:25] [Server thread/INFO]: Loading properties
[14:56:25] [Server thread/INFO]: This server is running Paper version 1.21-130-master@b1b5d4c (2024-08-10T10:02:42Z) (Implementing API version 1.21-R0.1-SNAPSHOT)
[14:56:26] [Server thread/INFO]: [spark] This server bundles the spark profiler. For more information please visit https://docs.papermc.io/paper/profiling
[14:56:26] [Server thread/INFO]: Server Ping Player Sample Count: 12
[14:56:26] [Server thread/INFO]: Using 4 threads for Netty based IO
[14:56:26] [Paper Plugin Remapper Thread - 0/INFO]: [ReobfServer] Done remapping server in 18224ms.
[14:56:27] [Server thread/INFO]: [ChunkTaskScheduler] Chunk system is using 1 I/O threads, 7 worker threads, and population gen parallelism of 7 threads
[14:56:27] [Server thread/INFO]: Default game type: SURVIVAL
[14:56:27] [Server thread/INFO]: Generating keypair
[14:56:27] [Server thread/INFO]: Starting Minecraft server on *:25565
[14:56:28] [Server thread/INFO]: Using epoll channel type
[14:56:28] [Server thread/INFO]: Paper: Using libdeflate (Linux x86_64) compression from Velocity.
[14:56:28] [Server thread/INFO]: Paper: Using OpenSSL 3.0.x (Linux x86_64) cipher from Velocity.
[14:56:28] [Server thread/INFO]: Preparing level "world"
[14:56:32] [Server thread/INFO]: Preparing start region for dimension minecraft:overworld
[14:56:34] [Server thread/INFO]: Time elapsed: 2168 ms
[14:56:34] [Server thread/INFO]: Preparing start region for dimension minecraft:the_nether
[14:56:35] [Server thread/INFO]: Time elapsed: 275 ms
[14:56:35] [Server thread/INFO]: Preparing start region for dimension minecraft:the_end
[14:56:35] [Server thread/INFO]: Time elapsed: 117 ms
[14:56:35] [Server thread/INFO]: [spark] Starting background profiler...
[14:56:36] [Server thread/INFO]: Done preparing level "world" (7.847s)
[14:56:36] [Server thread/INFO]: Starting remote control listener
[14:56:36] [Server thread/INFO]: Thread RCON Listener started
[14:56:36] [Server thread/INFO]: RCON running on 0.0.0.0:25575
[14:56:36] [Server thread/INFO]: Running delayed init tasks
[14:56:36] [Server thread/INFO]: Done (33.159s)! For help, type "help"
[14:56:36] [Server thread/INFO]: Timings Reset
[14:59:17] [RCON Listener #1/INFO]: Thread RCON Client /0:0:0:0:0:0:0:1 started
[14:59:17] [Server thread/INFO]: [Rcon: Stopping the server]
[14:59:17] [Server thread/INFO]: Stopping server
[14:59:17] [RCON Client /0:0:0:0:0:0:0:1 #2/INFO]: Thread RCON Client /0:0:0:0:0:0:0:1 shutting down
[14:59:18] [Server thread/INFO]: Saving players
[14:59:18] [Server thread/INFO]: Saving worlds
[14:59:18] [Server thread/INFO]: Saving chunks for level 'ServerLevel[world]'/minecraft:overworld
[14:59:18] [Server thread/INFO]: [ChunkHolderManager] Waiting 60s for chunk system to halt for world 'world'
[14:59:18] [Server thread/INFO]: [ChunkHolderManager] Halted chunk system for world 'world'
[14:59:18] [Server thread/INFO]: [ChunkHolderManager] Saving all chunkholders for world 'world'
[14:59:19] [Server thread/INFO]: [ChunkHolderManager] Saved 841 block chunks, 49 entity chunks, 2 poi chunks in world 'world' in 1.36s
[14:59:19] [Server thread/INFO]: Saving chunks for level 'ServerLevel[world_nether]'/minecraft:the_nether
[14:59:19] [Server thread/INFO]: [ChunkHolderManager] Waiting 60s for chunk system to halt for world 'world_nether'
[14:59:19] [Server thread/INFO]: [ChunkHolderManager] Halted chunk system for world 'world_nether'
[14:59:19] [Server thread/INFO]: [ChunkHolderManager] Saving all chunkholders for world 'world_nether'
[14:59:21] [Server thread/INFO]: [ChunkHolderManager] Saved 841 block chunks, 49 entity chunks, 0 poi chunks in world 'world_nether' in 1.53s
[14:59:21] [Server thread/INFO]: Saving chunks for level 'ServerLevel[world_the_end]'/minecraft:the_end
[14:59:21] [Server thread/INFO]: [ChunkHolderManager] Waiting 60s for chunk system to halt for world 'world_the_end'
[14:59:21] [Server thread/INFO]: [ChunkHolderManager] Halted chunk system for world 'world_the_end'
[14:59:21] [Server thread/INFO]: [ChunkHolderManager] Saving all chunkholders for world 'world_the_end'
[14:59:22] [Server thread/INFO]: [ChunkHolderManager] Saved 841 block chunks, 49 entity chunks, 0 poi chunks in world 'world_the_end' in 1.13s
[14:59:22] [Server thread/INFO]: ThreadedAnvilChunkStorage (world): All chunks are saved
[14:59:22] [Server thread/INFO]: ThreadedAnvilChunkStorage (DIM-1): All chunks are saved
[14:59:22] [Server thread/INFO]: ThreadedAnvilChunkStorage (DIM1): All chunks are saved
[14:59:22] [Server thread/INFO]: ThreadedAnvilChunkStorage: All dimensions are saved
